make --dry-run --always-make --keep-going --print-directory
make: Entering directory '/home/fran/Desktop/University/3Curso/2Cuatrimestre/Procesadores de Lenguaje/Practicas/Practica2(Bison)/Trabajo/PL/Trabajo'
echo "Accessing directory parser" 
echo
make -C parser/
echo
echo "Accessing directory error" 
echo
make -C error/ 
echo
echo "Accessing directory table" 
echo
make -C table/ 
echo
echo "Accessing directory ast" 
echo
make -C ast/ 
echo
echo "Compiling " interpreter.cpp
g++ -c -g  -Wall -ansi -O2 interpreter.cpp
echo
echo "Generating " interpreter.exe
g++ interpreter.o parser/*.o error/*.o  table/*.o    ast/*.o   \
-lfl  -o interpreter.exe 
make: Leaving directory '/home/fran/Desktop/University/3Curso/2Cuatrimestre/Procesadores de Lenguaje/Practicas/Practica2(Bison)/Trabajo/PL/Trabajo'
 
