make all --print-data-base --no-builtin-variables --no-builtin-rules --question
make: *** No rule to make target 'all'.  Stop.

# GNU Make 4.2.1
# Built for x86_64-pc-linux-gnu
# Copyright (C) 1988-2016 Free Software Foundation, Inc.
# License GPLv3+: GNU GPL version 3 or later <http://gnu.org/licenses/gpl.html>
# This is free software: you are free to change and redistribute it.
# There is NO WARRANTY, to the extent permitted by law.

# Make data base, printed on Mon May 16 09:27:03 2022

# Variables

# 'override' directive
GNUMAKEFLAGS := 
# automatic
<D = $(patsubst %/,%,$(dir $<))
# automatic
?F = $(notdir $?)
# environment
DESKTOP_SESSION = ubuntu
# default
.SHELLFLAGS := -c
# environment
XDG_SESSION_CLASS = user
# environment
SNAP_COMMON = /var/snap/code/common
# environment
XDG_SESSION_TYPE = x11
# environment
VSCODE_LOG_NATIVE = false
# automatic
?D = $(patsubst %/,%,$(dir $?))
# environment
IM_CONFIG_PHASE = 1
# makefile (from 'makefile', line 29)
INCLUDES = ./parser/interpreter.tab.h ./error/error.hpp ./table/table.hpp ./table/init.hpp ./ast/ast.hpp
# automatic
@D = $(patsubst %/,%,$(dir $@))
# environment
XAUTHORITY = /run/user/1000/gdm/Xauthority
# environment
GDMSESSION = ubuntu
# environment
XMODIFIERS = @im=ibus
# makefile
CURDIR := /home/fran/Desktop/University/3Curso/2Cuatrimestre/Procesadores de Lenguaje/Practicas/Practica2(Bison)/Trabajo/PL/Trabajo
# makefile
SHELL = /bin/sh
# environment
SNAP_DATA = /var/snap/code/96
# environment
VSCODE_NLS_CONFIG = {"locale":"en-us","availableLanguages":{},"_languagePackSupport":true}
# environment
JOURNAL_STREAM = 8:47793
# makefile (from 'makefile', line 12)
CFLAGS = -c -g  -Wall -ansi -O2
# environment
XDG_CONFIG_DIRS = /etc/xdg/xdg-ubuntu:/etc/xdg
# environment
SNAP_INSTANCE_NAME = code
# environment
SNAP_ARCH = amd64
# makefile (from 'makefile', line 1)
MAKEFILE_LIST :=  makefile
# automatic
@F = $(notdir $@)
# environment
GIO_LAUNCHED_DESKTOP_FILE = /var/lib/snapd/desktop/applications/code_code.desktop
# environment
USERNAME = fran
# environment
MAKELEVEL := 0
# environment
MANDATORY_PATH = /usr/share/gconf/ubuntu.mandatory.path
# environment
XDG_DATA_DIRS = /usr/share/ubuntu:/usr/local/share/:/usr/share/:/var/lib/snapd/desktop
# environment
DBUS_SESSION_BUS_ADDRESS = unix:path=/run/user/1000/bus
# environment
VSCODE_VERBOSE_LOGGING = true
# environment
_ = /snap/code/96/usr/share/code/code
# environment
MANAGERPID = 1421
# environment
LESSOPEN = | /usr/bin/lesspipe %s
# environment
LC_NAME = es_ES.UTF-8
# makefile (from 'makefile', line 4)
CPP = g++
# environment
VSCODE_CWD = /home/fran
# environment
GSETTINGS_SCHEMA_DIR = /snap/code/96/usr/share/glib-2.0/schemas
# default
MAKE_HOST := x86_64-pc-linux-gnu
# environment
PATH = /home/fran/anaconda3/bin:/home/fran/anaconda3/condabin:/usr/local/sbin:/usr/local/bin:/usr/sbin:/usr/bin:/sbin:/bin:/usr/games:/usr/local/games:/snap/bin
# makefile (from 'makefile', line 20)
OBJECTS-ERROR = error/*.o
# environment
GPG_AGENT_INFO = /run/user/1000/gnupg/S.gpg-agent:0:1
# environment
SESSION_MANAGER = local/fran-laptop1:@/tmp/.ICE-unix/1655,unix/fran-laptop1:/tmp/.ICE-unix/1655
# environment
XDG_RUNTIME_DIR = /run/user/1000
# environment
GDK_PIXBUF_MODULE_FILE = /home/fran/snap/code/common/.cache/gdk-pixbuf-loaders.cache
# environment
SNAP = /snap/code/96
# environment
SNAP_VERSION = da15b6fd
# environment
CONDA_PREFIX = /home/fran/anaconda3
# environment
XDG_MENU_PREFIX = gnome-
# environment
VSCODE_LOG_STACK = false
# environment
DISABLE_WAYLAND = 1
# environment
ELECTRON_RUN_AS_NODE = 1
# environment
INVOCATION_ID = d683078da4b148438172764f29dbc8e0
# environment
GDK_PIXBUF_MODULEDIR = /snap/code/96/usr/lib/x86_64-linux-gnu/gdk-pixbuf-2.0/2.10.0/loaders
# default
.FEATURES := target-specific order-only second-expansion else-if shortest-stem undefine oneshell archives jobserver output-sync check-symlink load
# environment
LS_COLORS = 
# environment
XDG_SESSION_DESKTOP = ubuntu
# environment
SSH_AUTH_SOCK = /run/user/1000/keyring/ssh
# environment
GIO_LAUNCHED_DESKTOP_FILE_PID = 6948
# automatic
%F = $(notdir $%)
# environment
DISPLAY = :0
# environment
CONDA_EXE = /home/fran/anaconda3/bin/conda
# environment
VSCODE_PIPE_LOGGING = true
# environment
SNAP_INSTANCE_KEY = 
# environment
PWD = /home/fran/Desktop/University/3Curso/2Cuatrimestre/Procesadores de Lenguaje/Practicas/Practica2(Bison)/Trabajo/PL/Trabajo
# makefile (from 'makefile', line 21)
OBJECTS-TABLE = table/*.o  
# environment
QT_QPA_PLATFORMTHEME = qt5ct
# default
.LOADED := 
# environment
SSH_AGENT_PID = 1616
# environment
ORIGINAL_XDG_CURRENT_DESKTOP = ubuntu:GNOME
# environment
GTK_MODULES = gail:atk-bridge
# environment
VSCODE_AMD_ENTRYPOINT = vs/workbench/api/node/extensionHostProcess
# environment
HOME = /home/fran
# environment
LESSCLOSE = /usr/bin/lesspipe %s %s
# environment
VSCODE_CLI = 1
# environment
VSCODE_CODE_CACHE_PATH = /home/fran/.config/Code/CachedData/da15b6fd3ef856477bf6f4fb29ba1b7af717770d
# environment
LOGNAME = fran
# environment
APPLICATION_INSIGHTS_NO_DIAGNOSTIC_CHANNEL = 1
# environment
SNAP_LIBRARY_PATH = /var/lib/snapd/lib/gl:/var/lib/snapd/lib/gl32:/var/lib/snapd/void
# environment
SNAP_CONTEXT = abpeqAhAvnvEUbTDKooiJD3eIK9HXKnOvwIMdz6iWKi_eVjSUWik
# environment
CONDA_PROMPT_MODIFIER = (base) 
# automatic
+F = $(notdir $+)
# environment
ELECTRON_NO_ATTACH_CONSOLE = 1
# makefile (from 'makefile', line 22)
OBJECTS-AST = ast/*.o  
# environment
SNAP_USER_COMMON = /home/fran/snap/code/common
# environment
VSCODE_HANDLES_UNCAUGHT_ERRORS = true
# environment
GNOME_DESKTOP_SESSION_ID = this-is-deprecated
# automatic
^D = $(patsubst %/,%,$(dir $^))
# environment
LC_TIME = es_ES.UTF-8
# environment
SNAP_REAL_HOME = /home/fran
# environment
CONDA_DEFAULT_ENV = base
# default
MAKE = $(MAKE_COMMAND)
# default
MAKECMDGOALS := all
# environment
QT_IM_MODULE = ibus
# environment
SNAP_USER_DATA = /home/fran/snap/code/96
# environment
SHLVL = 0
# environment
GNOME_SHELL_SESSION_MODE = ubuntu
# environment
VSCODE_IPC_HOOK_EXTHOST = /run/user/1000/vscode-ipc-4f25b7cc-833a-4f26-bcb8-d9c1eb7ba8e7.sock
# default
MAKE_VERSION := 4.2.1
# environment
USER = fran
# environment
SNAP_REVISION = 96
# environment
LC_MONETARY = es_ES.UTF-8
# makefile
.DEFAULT_GOAL := interpreter.exe
# environment
XDG_CURRENT_DESKTOP = Unity
# makefile (from 'makefile', line 1)
NAME = interpreter
# automatic
%D = $(patsubst %/,%,$(dir $%))
# environment
LC_TELEPHONE = es_ES.UTF-8
# makefile (from 'makefile', line 19)
OBJECTS-PARSER = parser/*.o
# makefile (from 'makefile', line 15)
LFLAGS = -lfl 
# environment
CONDA_SHLVL = 1
# default
MAKE_COMMAND := make
# default
.VARIABLES := 
# automatic
*F = $(notdir $*)
# environment
VSCODE_IPC_HOOK = /run/user/1000/vscode-0ee9dc77-1.67.1-main.sock
# environment
BAMF_DESKTOP_FILE_HINT = /var/lib/snapd/desktop/applications/code_code.desktop
# makefile
MAKEFLAGS = pqrR
# environment
MFLAGS = -pqrR
# automatic
*D = $(patsubst %/,%,$(dir $*))
# automatic
+D = $(patsubst %/,%,$(dir $+))
# environment
GDK_BACKEND = x11
# environment
LC_PAPER = es_ES.UTF-8
# environment
LC_IDENTIFICATION = es_ES.UTF-8
# environment
QT_ACCESSIBILITY = 1
# environment
DEFAULTS_PATH = /usr/share/gconf/ubuntu.default.path
# default
MAKEFILES := 
# environment
SNAP_COOKIE = abpeqAhAvnvEUbTDKooiJD3eIK9HXKnOvwIMdz6iWKi_eVjSUWik
# environment
LC_NUMERIC = es_ES.UTF-8
# automatic
<F = $(notdir $<)
# environment
LC_MEASUREMENT = es_ES.UTF-8
# environment
SNAP_NAME = code
# environment
LC_ALL = C
# environment
CONDA_PYTHON_EXE = /home/fran/anaconda3/bin/python
# environment
GJS_DEBUG_TOPICS = JS ERROR;JS LOG
# automatic
^F = $(notdir $^)
# default
SUFFIXES := 
# environment
SNAP_REEXEC = 
# environment
_CE_M = 
# environment
CHROME_DESKTOP = code-url-handler.desktop
# environment
WINDOWPATH = 2
# default
 
.INCLUDE_DIRS = /usr/include /usr/local/include /usr/include
# environment
GJS_DEBUG_OUTPUT = stderr
# default
.RECIPEPREFIX := 
# makefile (from 'makefile', line 18)
OBJECTS = $(NAME).o
# environment
LC_ADDRESS = es_ES.UTF-8
# environment
LANG = C
# environment
VSCODE_PID = 6994
# environment
_CE_CONDA = 
# variable set hash-table stats:
# Load=150/1024=15%, Rehash=0, Collisions=26/182=14%

# Pattern-specific Variable Values

# No pattern-specific variable values.

# Directories

# . (device 2053, inode 672600): 15 files, no impossibilities.

# 15 files, no impossibilities in 1 directories.

# Implicit Rules

# No implicit rules.

# Files

# Not a target:
ast/ast.hpp:
#  Implicit rule search has not been done.
#  Modification time never checked.
#  File has not been updated.

# Not a target:
all:
#  Command line target.
#  Implicit rule search has been done.
#  File does not exist.
#  File has not been updated.

# Not a target:
interpreter.cpp:
#  Implicit rule search has not been done.
#  Modification time never checked.
#  File has not been updated.

table-dir:
#  Implicit rule search has not been done.
#  Modification time never checked.
#  File has not been updated.
#  recipe to execute (from 'makefile', line 72):
	@echo "Accessing directory table" 
	@echo
	@make -C table/ 
	@echo

interpreter.output:
#  Implicit rule search has not been done.
#  Modification time never checked.
#  File has not been updated.
#  recipe to execute (from 'makefile', line 88):
	@echo "Generating: " $@
	@make -C parser/ $@
	@echo

# Not a target:
makefile:
#  Implicit rule search has been done.
#  Last modified 2022-05-16 09:26:49.631665344
#  File has been updated.
#  Successfully updated.

# Not a target:
parser/interpreter.tab.h:
#  Implicit rule search has not been done.
#  Modification time never checked.
#  File has not been updated.

error-dir:
#  Implicit rule search has not been done.
#  Modification time never checked.
#  File has not been updated.
#  recipe to execute (from 'makefile', line 65):
	@echo "Accessing directory error" 
	@echo
	@make -C error/ 
	@echo

# Not a target:
table/table.hpp:
#  Implicit rule search has not been done.
#  Modification time never checked.
#  File has not been updated.

interpreter.o: interpreter.cpp parser-dir ast-dir parser/interpreter.tab.h error/error.hpp table/table.hpp table/init.hpp ast/ast.hpp
#  Implicit rule search has not been done.
#  Modification time never checked.
#  File has not been updated.
#  recipe to execute (from 'makefile', line 53):
	@echo "Compiling " $<
	@$(CPP) $(CFLAGS) $<
	@echo

# Not a target:
.DEFAULT:
#  Implicit rule search has not been done.
#  Modification time never checked.
#  File has not been updated.

clean:
#  Implicit rule search has not been done.
#  Modification time never checked.
#  File has not been updated.
#  recipe to execute (from 'makefile', line 102):
	@echo "Deleting html"
	@rm -rf html 
	@echo "Deleting " $(OBJECTS)  $(NAME).exe  *~ 
	@rm -f $(OBJECTS) $(NAME).exe *~ 
	@echo
	@make -C parser/ clean 
	@echo
	@make -C error/ clean
	@echo
	@make -C table/ clean
	@echo
	@make -C ast/ clean
	@echo

parser-dir:
#  Implicit rule search has not been done.
#  Modification time never checked.
#  File has not been updated.
#  recipe to execute (from 'makefile', line 59):
	@echo "Accessing directory parser" 
	@echo
	@make -C parser/
	@echo

ast-dir:
#  Implicit rule search has not been done.
#  Modification time never checked.
#  File has not been updated.
#  recipe to execute (from 'makefile', line 80):
	@echo "Accessing directory ast" 
	@echo
	@make -C ast/ 
	@echo

# Not a target:
Doxyfile:
#  Implicit rule search has not been done.
#  Modification time never checked.
#  File has not been updated.

# Not a target:
error/error.hpp:
#  Implicit rule search has not been done.
#  Modification time never checked.
#  File has not been updated.

# Not a target:
table/init.hpp:
#  Implicit rule search has not been done.
#  Modification time never checked.
#  File has not been updated.

doc: Doxyfile
#  Implicit rule search has not been done.
#  Modification time never checked.
#  File has not been updated.
#  recipe to execute (from 'makefile', line 96):
	doxygen

interpreter.exe: parser-dir error-dir table-dir ast-dir interpreter.o
#  Implicit rule search has not been done.
#  Modification time never checked.
#  File has not been updated.
#  recipe to execute (from 'makefile', line 46):
	@echo "Generating " $(NAME).exe
	@$(CPP) $(OBJECTS) $(OBJECTS-PARSER) $(OBJECTS-ERROR)  $(OBJECTS-TABLE)  $(OBJECTS-AST) \
	$(LFLAGS) -o $(NAME).exe 

# files hash-table stats:
# Load=20/1024=2%, Rehash=0, Collisions=0/49=0%
# VPATH Search Paths

# No 'vpath' search paths.

# No general ('VPATH' variable) search path.

# strcache buffers: 1 (0) / strings = 32 / storage = 337 B / avg = 10 B
# current buf: size = 8162 B / used = 337 B / count = 32 / avg = 10 B

# strcache performance: lookups = 56 / hit rate = 42%
# hash-table stats:
# Load=32/8192=0%, Rehash=0, Collisions=1/56=2%
# Finished Make data base on Mon May 16 09:27:03 2022

 
